655321
97892
1212750
1155 1050
21
bk1 679 126 1015 259
bk10a 119 595 497 714
bk10b 497 0 637 161
bk10c 1022 854 1141 903
bk11 0 560 119 735
bk12 119 0 259 406
bk13 630 910 1127 1050
bk14a 259 357 378 553
bk14b 0 266 119 560
bk14c 0 875 119 1036
bk15a 0 0 119 266
bk15b 679 259 1015 378
bk16 378 469 497 595
bk17a 630 728 1001 910
bk17b 350 847 532 1050
bk18 497 161 679 364
bk19 378 84 497 168
bk2 1015 0 1148 294
bk20 840 378 1022 728
bk21 497 378 812 518
bk3 133 714 448 847
bk4 1022 294 1155 854
bk5a 0 735 133 875
bk5b 119 406 252 581
bk5c 119 875 350 1008
bk6 497 518 630 833
bk7 532 833 630 1015
bk8a 630 518 840 728
bk8b 637 0 1015 126
bk9a 378 168 497 350
bk9b 378 350 497 469
bk9c 259 0 378 357
bk9d 378 0 497 84
